2024-11-09 09:04:30,155 - ERROR - Error in main execution: [Errno 2] No such file or directory: '/path/to/data'
2024-11-09 09:04:48,359 - ERROR - Error processing PFL: Missing required columns in PFL.csv
2024-11-09 09:04:48,360 - ERROR - Error processing DORDI: Missing required columns in DORDI.csv
2024-11-09 09:04:48,362 - ERROR - Error processing MDB: Missing required columns in MDB.csv
2024-11-09 09:04:48,366 - ERROR - Error processing JBBL: Missing required columns in JBBL.csv
2024-11-09 09:04:48,369 - ERROR - Error processing SCB: Missing required columns in SCB.csv
2024-11-09 09:04:48,371 - ERROR - Error processing NADEP: Missing required columns in NADEP.csv
2024-11-09 09:04:48,373 - ERROR - Error processing JSLBB: Missing required columns in JSLBB.csv
2024-11-09 09:04:48,375 - ERROR - Error processing MERO: Missing required columns in MERO.csv
2024-11-09 09:04:48,378 - ERROR - Error processing ALICL: Missing required columns in ALICL.csv
2024-11-09 09:04:48,380 - ERROR - Error processing MHNL: Missing required columns in MHNL.csv
2024-11-09 09:04:48,382 - ERROR - Error processing DDBL: Missing required columns in DDBL.csv
2024-11-09 09:04:48,384 - ERROR - Error processing SHINE: Missing required columns in SHINE.csv
2024-11-09 09:04:48,386 - ERROR - Error processing KRBL: Missing required columns in KRBL.csv
2024-11-09 09:04:48,389 - ERROR - Error processing CHCL: Missing required columns in CHCL.csv
2024-11-09 09:04:48,392 - ERROR - Error processing NLIC: Missing required columns in NLIC.csv
2024-11-09 09:04:48,394 - ERROR - Error processing PROFL: Missing required columns in PROFL.csv
2024-11-09 09:04:48,397 - ERROR - Error processing API: Missing required columns in API.csv
2024-11-09 09:04:48,400 - ERROR - Error processing CHL: Missing required columns in CHL.csv
2024-11-09 09:04:48,404 - ERROR - Error processing BNL: Missing required columns in BNL.csv
2024-11-09 09:04:48,410 - ERROR - Error processing SLBBL: Missing required columns in SLBBL.csv
2024-11-09 09:04:48,414 - ERROR - Error processing BARUN: Missing required columns in BARUN.csv
2024-11-09 09:04:48,420 - ERROR - Error processing SICL: Missing required columns in SICL.csv
2024-11-09 09:04:48,422 - ERROR - Error processing NICA: Missing required columns in NICA.csv
2024-11-09 09:04:48,424 - ERROR - Error processing MLBL: Missing required columns in MLBL.csv
2024-11-09 09:04:48,427 - ERROR - Error processing ALBSL: Missing required columns in ALBSL.csv
2024-11-09 09:04:48,428 - ERROR - Error processing MSLB: Missing required columns in MSLB.csv
2024-11-09 09:04:48,430 - ERROR - Error processing AKPL: Missing required columns in AKPL.csv
2024-11-09 09:04:48,432 - ERROR - Error processing NHPC: Missing required columns in NHPC.csv
2024-11-09 09:04:48,435 - ERROR - Error processing TRH: Missing required columns in TRH.csv
2024-11-09 09:04:48,436 - ERROR - Error processing RBCL: Missing required columns in RBCL.csv
2024-11-09 09:04:48,438 - ERROR - Error processing KSBBL: Missing required columns in KSBBL.csv
2024-11-09 09:04:48,439 - ERROR - Error processing MKJC: Missing required columns in MKJC.csv
2024-11-09 09:04:48,441 - ERROR - Error processing UMHL: Missing required columns in UMHL.csv
2024-11-09 09:04:48,443 - ERROR - Error processing HLBSL: Missing required columns in HLBSL.csv
2024-11-09 09:04:48,445 - ERROR - Error processing VLBS: Missing required columns in VLBS.csv
2024-11-09 09:04:48,448 - ERROR - Error processing SPDL: Missing required columns in SPDL.csv
2024-11-09 09:04:48,449 - ERROR - Error processing FOWAD: Missing required columns in FOWAD.csv
2024-11-09 09:04:48,451 - ERROR - Error processing MLBBL: Missing required columns in MLBBL.csv
2024-11-09 09:04:48,453 - ERROR - Error processing JFL: Missing required columns in JFL.csv
2024-11-09 09:04:48,454 - ERROR - Error processing SAHAS: Missing required columns in SAHAS.csv
2024-11-09 09:04:48,456 - ERROR - Error processing LBBL: Missing required columns in LBBL.csv
2024-11-09 09:04:48,457 - ERROR - Error processing RSDC: Missing required columns in RSDC.csv
2024-11-09 09:04:48,460 - ERROR - Error processing SIFC: Missing required columns in SIFC.csv
2024-11-09 09:04:48,462 - ERROR - Error processing MNBBL: Missing required columns in MNBBL.csv
2024-11-09 09:04:48,464 - ERROR - Error processing NGPL: Missing required columns in NGPL.csv
2024-11-09 09:04:48,465 - ERROR - Error processing UPCL: Missing required columns in UPCL.csv
2024-11-09 09:04:48,468 - ERROR - Error processing GRDBL: Missing required columns in GRDBL.csv
2024-11-09 09:04:48,469 - ERROR - Error processing SJCL: Missing required columns in SJCL.csv
2024-11-09 09:04:48,471 - ERROR - Error processing PCBL: Missing required columns in PCBL.csv
2024-11-09 09:04:48,473 - ERROR - Error processing NMFBS: Missing required columns in NMFBS.csv
2024-11-09 09:04:48,474 - ERROR - Error processing PRVU: Missing required columns in PRVU.csv
2024-11-09 09:04:48,477 - ERROR - Error processing LLBS: Missing required columns in LLBS.csv
2024-11-09 09:04:48,478 - ERROR - Error processing RLFL: Missing required columns in RLFL.csv
2024-11-09 09:04:48,480 - ERROR - Error processing GMFBS: Missing required columns in GMFBS.csv
2024-11-09 09:04:48,481 - ERROR - Error processing NRIC: Missing required columns in NRIC.csv
2024-11-09 09:04:48,483 - ERROR - Error processing EBL: Missing required columns in EBL.csv
2024-11-09 09:04:48,484 - ERROR - Error processing NABBC: Missing required columns in NABBC.csv
2024-11-09 09:04:48,486 - ERROR - Error processing SWBBL: Missing required columns in SWBBL.csv
2024-11-09 09:04:48,488 - ERROR - Error processing ICFC: Missing required columns in ICFC.csv
2024-11-09 09:04:48,490 - ERROR - Error processing MFIL: Missing required columns in MFIL.csv
2024-11-09 09:04:48,492 - ERROR - Error processing HDL: Missing required columns in HDL.csv
2024-11-09 09:04:48,493 - ERROR - Error processing ILBS: Missing required columns in ILBS.csv
2024-11-09 09:04:48,495 - ERROR - Error processing KMCDB: Missing required columns in KMCDB.csv
2024-11-09 09:04:48,497 - ERROR - Error processing GBIME: Missing required columns in GBIME.csv
2024-11-09 09:04:48,499 - ERROR - Error processing EDBL: Missing required columns in EDBL.csv
2024-11-09 09:04:48,501 - ERROR - Error processing NIL: Missing required columns in NIL.csv
2024-11-09 09:04:48,502 - ERROR - Error processing DHPL: Missing required columns in DHPL.csv
2024-11-09 09:04:48,504 - ERROR - Error processing NUBL: Missing required columns in NUBL.csv
2024-11-09 09:04:48,506 - ERROR - Error processing SINDU: Missing required columns in SINDU.csv
2024-11-09 09:04:48,508 - ERROR - Error processing SHL: Missing required columns in SHL.csv
2024-11-09 09:04:48,510 - ERROR - Error processing FMDBL: Missing required columns in FMDBL.csv
2024-11-09 09:04:48,512 - ERROR - Error processing AHPC: Missing required columns in AHPC.csv
2024-11-09 09:04:48,514 - ERROR - Error processing SADBL: Missing required columns in SADBL.csv
2024-11-09 09:04:48,516 - ERROR - Error processing GBBL: Missing required columns in GBBL.csv
2024-11-09 09:04:48,518 - ERROR - Error processing CZBIL: Missing required columns in CZBIL.csv
2024-11-09 09:04:48,520 - ERROR - Error processing KBL: Missing required columns in KBL.csv
2024-11-09 09:04:48,522 - ERROR - Error processing GFCL: Missing required columns in GFCL.csv
2024-11-09 09:04:48,523 - ERROR - Error processing NFS: Missing required columns in NFS.csv
2024-11-09 09:04:48,526 - ERROR - Error processing NMBMF: Missing required columns in NMBMF.csv
2024-11-09 09:04:48,528 - ERROR - Error processing KKHC: Missing required columns in KKHC.csv
2024-11-09 09:04:48,530 - ERROR - Error processing NLICL: Missing required columns in NLICL.csv
2024-11-09 09:04:48,531 - ERROR - Error processing RHPL: Missing required columns in RHPL.csv
2024-11-09 09:04:48,532 - ERROR - Error processing SPL: Missing required columns in SPL.csv
2024-11-09 09:04:48,532 - ERROR - Error processing CLI: Missing required columns in CLI.csv
2024-11-09 09:04:48,535 - ERROR - Error processing NYADI: Missing required columns in NYADI.csv
2024-11-09 09:04:48,537 - ERROR - Error processing MBL: Missing required columns in MBL.csv
2024-11-09 09:04:48,539 - ERROR - Error processing BPCL: Missing required columns in BPCL.csv
2024-11-09 09:04:48,541 - ERROR - Error processing HPPL: Missing required columns in HPPL.csv
2024-11-09 09:04:48,542 - ERROR - Error processing HURJA: Missing required columns in HURJA.csv
2024-11-09 09:04:48,545 - ERROR - Error processing CIT: Missing required columns in CIT.csv
2024-11-09 09:04:48,546 - ERROR - Error processing HATHY: Missing required columns in HATHY.csv
2024-11-09 09:04:48,548 - ERROR - Error processing GMFIL: Missing required columns in GMFIL.csv
2024-11-09 09:04:48,550 - ERROR - Error processing SHPC: Missing required columns in SHPC.csv
2024-11-09 09:04:48,552 - ERROR - Error processing MPFL: Missing required columns in MPFL.csv
2024-11-09 09:04:48,553 - ERROR - Error processing STC: Missing required columns in STC.csv
2024-11-09 09:04:48,554 - ERROR - Error processing SHINEP: Missing required columns in SHINEP.csv
2024-11-09 09:04:48,556 - ERROR - Error processing PRIN: Missing required columns in PRIN.csv
2024-11-09 09:04:48,557 - ERROR - Error processing BHPL: Missing required columns in BHPL.csv
2024-11-09 09:04:48,560 - ERROR - Error processing HBL: Missing required columns in HBL.csv
2024-11-09 09:04:48,562 - ERROR - Error processing SBL: Missing required columns in SBL.csv
2024-11-09 09:04:48,564 - ERROR - Error processing NICL: Missing required columns in NICL.csv
2024-11-09 09:04:48,565 - ERROR - Error processing PHCL: Missing required columns in PHCL.csv
2024-11-09 09:04:48,567 - ERROR - Error processing SANIMA: Missing required columns in SANIMA.csv
2024-11-09 09:04:48,568 - ERROR - Error processing PCBLP: Missing required columns in PCBLP.csv
2024-11-09 09:04:48,570 - ERROR - Error processing UNL: Missing required columns in UNL.csv
2024-11-09 09:04:48,572 - ERROR - Error processing NABIL: Missing required columns in NABIL.csv
2024-11-09 09:04:48,574 - ERROR - Error processing SKBBL: Missing required columns in SKBBL.csv
2024-11-09 09:04:48,577 - ERROR - Error processing OHL: Missing required columns in OHL.csv
2024-11-09 09:04:48,580 - ERROR - Error processing ADBL: Missing required columns in ADBL.csv
2024-11-09 09:04:48,583 - ERROR - Error processing SBI: Missing required columns in SBI.csv
2024-11-09 09:04:48,585 - ERROR - Error processing NTC: Missing required columns in NTC.csv
2024-11-09 09:04:48,587 - ERROR - Error processing BBC: Missing required columns in BBC.csv
2024-11-09 09:04:48,590 - ERROR - Error processing LICN: Missing required columns in LICN.csv
2024-11-09 09:04:48,592 - ERROR - Error processing SMATA: Missing required columns in SMATA.csv
2024-11-09 09:04:48,595 - ERROR - Error processing NBL: Missing required columns in NBL.csv
2024-11-09 09:04:48,598 - ERROR - Error processing CFCL: Missing required columns in CFCL.csv
2024-11-09 09:04:48,602 - ERROR - Error processing NLG: Missing required columns in NLG.csv
2024-11-09 09:04:48,606 - ERROR - Error processing CBBL: Missing required columns in CBBL.csv
2024-11-09 09:04:48,608 - ERROR - Error processing MHL: Missing required columns in MHL.csv
2024-11-09 09:04:48,610 - ERROR - Error processing GUFL: Missing required columns in GUFL.csv
2024-11-09 09:04:48,612 - ERROR - Error processing NMB: Missing required columns in NMB.csv
2024-11-09 09:04:48,614 - ERROR - Error processing BNT: Missing required columns in BNT.csv
2024-11-09 09:04:48,615 - ERROR - Error processing PPL: Missing required columns in PPL.csv
2024-11-09 09:04:48,616 - ERROR - Error processing CORBL: Missing required columns in CORBL.csv
2024-11-09 09:04:48,616 - ERROR - Error in main execution: No valid stock data available for processing
